<?xml version="1.0" encoding="UTF-8"?>
<!-- Generated by org.testng.reporters.JUnitReportReporter -->
<testsuite hostname="Garhewal" name="com.qtpselenium.hybrid.testcases.SearchShareTest" tests="1" failures="0" timestamp="1 May 2016 16:54:11 GMT" time="0.038" errors="0">
  <testcase name="sharePriceTest" time="0.038" classname="com.qtpselenium.hybrid.testcases.SearchShareTest"/>
</testsuite> <!-- com.qtpselenium.hybrid.testcases.SearchShareTest -->
